{"/Users/jvertil/Desktop/hero-photo-service/hero-photo-service/database/Queries.js": {"path":"/Users/jvertil/Desktop/hero-photo-service/hero-photo-service/database/Queries.js","statementMap":{"0":{"start":{"line":2,"column":19},"end":{"line":2,"column":40}},"1":{"start":{"line":4,"column":25},"end":{"line":15,"column":1}},"2":{"start":{"line":5,"column":19},"end":{"line":5,"column":87}},"3":{"start":{"line":6,"column":2},"end":{"line":14,"column":5}},"4":{"start":{"line":7,"column":4},"end":{"line":13,"column":5}},"5":{"start":{"line":8,"column":6},"end":{"line":8,"column":96}},"6":{"start":{"line":9,"column":6},"end":{"line":9,"column":22}},"7":{"start":{"line":11,"column":6},"end":{"line":11,"column":97}},"8":{"start":{"line":12,"column":6},"end":{"line":12,"column":28}},"9":{"start":{"line":19,"column":17},"end":{"line":30,"column":1}},"10":{"start":{"line":20,"column":19},"end":{"line":20,"column":71}},"11":{"start":{"line":21,"column":2},"end":{"line":29,"column":5}},"12":{"start":{"line":22,"column":4},"end":{"line":28,"column":5}},"13":{"start":{"line":23,"column":6},"end":{"line":23,"column":87}},"14":{"start":{"line":24,"column":6},"end":{"line":24,"column":22}},"15":{"start":{"line":26,"column":6},"end":{"line":26,"column":89}},"16":{"start":{"line":27,"column":6},"end":{"line":27,"column":28}},"17":{"start":{"line":33,"column":16},"end":{"line":44,"column":1}},"18":{"start":{"line":34,"column":19},"end":{"line":34,"column":98}},"19":{"start":{"line":35,"column":2},"end":{"line":43,"column":5}},"20":{"start":{"line":36,"column":4},"end":{"line":42,"column":5}},"21":{"start":{"line":37,"column":6},"end":{"line":37,"column":75}},"22":{"start":{"line":38,"column":6},"end":{"line":38,"column":20}},"23":{"start":{"line":40,"column":6},"end":{"line":40,"column":77}},"24":{"start":{"line":41,"column":6},"end":{"line":41,"column":26}},"25":{"start":{"line":47,"column":26},"end":{"line":58,"column":1}},"26":{"start":{"line":48,"column":19},"end":{"line":48,"column":81}},"27":{"start":{"line":49,"column":2},"end":{"line":57,"column":5}},"28":{"start":{"line":50,"column":4},"end":{"line":56,"column":5}},"29":{"start":{"line":51,"column":6},"end":{"line":51,"column":96}},"30":{"start":{"line":52,"column":6},"end":{"line":52,"column":22}},"31":{"start":{"line":54,"column":6},"end":{"line":54,"column":97}},"32":{"start":{"line":55,"column":6},"end":{"line":55,"column":28}},"33":{"start":{"line":62,"column":22},"end":{"line":73,"column":1}},"34":{"start":{"line":63,"column":19},"end":{"line":63,"column":102}},"35":{"start":{"line":64,"column":2},"end":{"line":72,"column":5}},"36":{"start":{"line":65,"column":4},"end":{"line":71,"column":5}},"37":{"start":{"line":66,"column":6},"end":{"line":66,"column":90}},"38":{"start":{"line":67,"column":6},"end":{"line":67,"column":20}},"39":{"start":{"line":69,"column":6},"end":{"line":69,"column":92}},"40":{"start":{"line":70,"column":6},"end":{"line":70,"column":26}},"41":{"start":{"line":77,"column":27},"end":{"line":88,"column":1}},"42":{"start":{"line":78,"column":19},"end":{"line":78,"column":103}},"43":{"start":{"line":79,"column":2},"end":{"line":87,"column":5}},"44":{"start":{"line":80,"column":4},"end":{"line":86,"column":5}},"45":{"start":{"line":81,"column":6},"end":{"line":81,"column":94}},"46":{"start":{"line":82,"column":6},"end":{"line":82,"column":20}},"47":{"start":{"line":84,"column":6},"end":{"line":84,"column":96}},"48":{"start":{"line":85,"column":6},"end":{"line":85,"column":26}},"49":{"start":{"line":92,"column":26},"end":{"line":103,"column":1}},"50":{"start":{"line":93,"column":19},"end":{"line":93,"column":67}},"51":{"start":{"line":94,"column":2},"end":{"line":102,"column":5}},"52":{"start":{"line":95,"column":4},"end":{"line":101,"column":5}},"53":{"start":{"line":96,"column":6},"end":{"line":96,"column":90}},"54":{"start":{"line":97,"column":6},"end":{"line":97,"column":22}},"55":{"start":{"line":99,"column":6},"end":{"line":99,"column":91}},"56":{"start":{"line":100,"column":6},"end":{"line":100,"column":28}},"57":{"start":{"line":107,"column":0},"end":{"line":115,"column":2}}},"fnMap":{"0":{"name":"(anonymous_0)","decl":{"start":{"line":4,"column":25},"end":{"line":4,"column":26}},"loc":{"start":{"line":4,"column":52},"end":{"line":15,"column":1}},"line":4},"1":{"name":"(anonymous_1)","decl":{"start":{"line":6,"column":29},"end":{"line":6,"column":30}},"loc":{"start":{"line":6,"column":43},"end":{"line":14,"column":3}},"line":6},"2":{"name":"(anonymous_2)","decl":{"start":{"line":19,"column":17},"end":{"line":19,"column":18}},"loc":{"start":{"line":19,"column":41},"end":{"line":30,"column":1}},"line":19},"3":{"name":"(anonymous_3)","decl":{"start":{"line":21,"column":29},"end":{"line":21,"column":30}},"loc":{"start":{"line":21,"column":43},"end":{"line":29,"column":3}},"line":21},"4":{"name":"(anonymous_4)","decl":{"start":{"line":33,"column":16},"end":{"line":33,"column":17}},"loc":{"start":{"line":33,"column":48},"end":{"line":44,"column":1}},"line":33},"5":{"name":"(anonymous_5)","decl":{"start":{"line":35,"column":29},"end":{"line":35,"column":30}},"loc":{"start":{"line":35,"column":43},"end":{"line":43,"column":3}},"line":35},"6":{"name":"(anonymous_6)","decl":{"start":{"line":47,"column":26},"end":{"line":47,"column":27}},"loc":{"start":{"line":47,"column":53},"end":{"line":58,"column":1}},"line":47},"7":{"name":"(anonymous_7)","decl":{"start":{"line":49,"column":29},"end":{"line":49,"column":30}},"loc":{"start":{"line":49,"column":43},"end":{"line":57,"column":3}},"line":49},"8":{"name":"(anonymous_8)","decl":{"start":{"line":62,"column":22},"end":{"line":62,"column":23}},"loc":{"start":{"line":62,"column":55},"end":{"line":73,"column":1}},"line":62},"9":{"name":"(anonymous_9)","decl":{"start":{"line":64,"column":29},"end":{"line":64,"column":30}},"loc":{"start":{"line":64,"column":43},"end":{"line":72,"column":3}},"line":64},"10":{"name":"(anonymous_10)","decl":{"start":{"line":77,"column":27},"end":{"line":77,"column":28}},"loc":{"start":{"line":77,"column":60},"end":{"line":88,"column":1}},"line":77},"11":{"name":"(anonymous_11)","decl":{"start":{"line":79,"column":29},"end":{"line":79,"column":30}},"loc":{"start":{"line":79,"column":43},"end":{"line":87,"column":3}},"line":79},"12":{"name":"(anonymous_12)","decl":{"start":{"line":92,"column":26},"end":{"line":92,"column":27}},"loc":{"start":{"line":92,"column":53},"end":{"line":103,"column":1}},"line":92},"13":{"name":"(anonymous_13)","decl":{"start":{"line":94,"column":29},"end":{"line":94,"column":30}},"loc":{"start":{"line":94,"column":43},"end":{"line":102,"column":3}},"line":94}},"branchMap":{"0":{"loc":{"start":{"line":7,"column":4},"end":{"line":13,"column":5}},"type":"if","locations":[{"start":{"line":7,"column":4},"end":{"line":13,"column":5}},{"start":{"line":7,"column":4},"end":{"line":13,"column":5}}],"line":7},"1":{"loc":{"start":{"line":22,"column":4},"end":{"line":28,"column":5}},"type":"if","locations":[{"start":{"line":22,"column":4},"end":{"line":28,"column":5}},{"start":{"line":22,"column":4},"end":{"line":28,"column":5}}],"line":22},"2":{"loc":{"start":{"line":36,"column":4},"end":{"line":42,"column":5}},"type":"if","locations":[{"start":{"line":36,"column":4},"end":{"line":42,"column":5}},{"start":{"line":36,"column":4},"end":{"line":42,"column":5}}],"line":36},"3":{"loc":{"start":{"line":50,"column":4},"end":{"line":56,"column":5}},"type":"if","locations":[{"start":{"line":50,"column":4},"end":{"line":56,"column":5}},{"start":{"line":50,"column":4},"end":{"line":56,"column":5}}],"line":50},"4":{"loc":{"start":{"line":65,"column":4},"end":{"line":71,"column":5}},"type":"if","locations":[{"start":{"line":65,"column":4},"end":{"line":71,"column":5}},{"start":{"line":65,"column":4},"end":{"line":71,"column":5}}],"line":65},"5":{"loc":{"start":{"line":80,"column":4},"end":{"line":86,"column":5}},"type":"if","locations":[{"start":{"line":80,"column":4},"end":{"line":86,"column":5}},{"start":{"line":80,"column":4},"end":{"line":86,"column":5}}],"line":80},"6":{"loc":{"start":{"line":95,"column":4},"end":{"line":101,"column":5}},"type":"if","locations":[{"start":{"line":95,"column":4},"end":{"line":101,"column":5}},{"start":{"line":95,"column":4},"end":{"line":101,"column":5}}],"line":95}},"s":{"0":1,"1":1,"2":2,"3":2,"4":2,"5":0,"6":0,"7":2,"8":2,"9":1,"10":0,"11":0,"12":0,"13":0,"14":0,"15":0,"16":0,"17":1,"18":0,"19":0,"20":0,"21":0,"22":0,"23":0,"24":0,"25":1,"26":0,"27":0,"28":0,"29":0,"30":0,"31":0,"32":0,"33":1,"34":0,"35":0,"36":0,"37":0,"38":0,"39":0,"40":0,"41":1,"42":0,"43":0,"44":0,"45":0,"46":0,"47":0,"48":0,"49":1,"50":0,"51":0,"52":0,"53":0,"54":0,"55":0,"56":0,"57":1},"f":{"0":2,"1":2,"2":0,"3":0,"4":0,"5":0,"6":0,"7":0,"8":0,"9":0,"10":0,"11":0,"12":0,"13":0},"b":{"0":[0,2],"1":[0,0],"2":[0,0],"3":[0,0],"4":[0,0],"5":[0,0],"6":[0,0]},"_coverageSchema":"332fd63041d2c1bcb487cc26dd0d5f7d97098a6c","hash":"cb21973f7482f8714bc2d041c21e960920384df4"}
,"/Users/jvertil/Desktop/hero-photo-service/hero-photo-service/database/index.js": {"path":"/Users/jvertil/Desktop/hero-photo-service/hero-photo-service/database/index.js","statementMap":{"0":{"start":{"line":1,"column":14},"end":{"line":1,"column":30}},"1":{"start":{"line":3,"column":19},"end":{"line":9,"column":2}},"2":{"start":{"line":11,"column":0},"end":{"line":17,"column":3}},"3":{"start":{"line":12,"column":2},"end":{"line":16,"column":3}},"4":{"start":{"line":13,"column":4},"end":{"line":13,"column":51}},"5":{"start":{"line":15,"column":4},"end":{"line":15,"column":50}},"6":{"start":{"line":20,"column":0},"end":{"line":20,"column":28}}},"fnMap":{"0":{"name":"(anonymous_0)","decl":{"start":{"line":11,"column":19},"end":{"line":11,"column":20}},"loc":{"start":{"line":11,"column":28},"end":{"line":17,"column":1}},"line":11}},"branchMap":{"0":{"loc":{"start":{"line":12,"column":2},"end":{"line":16,"column":3}},"type":"if","locations":[{"start":{"line":12,"column":2},"end":{"line":16,"column":3}},{"start":{"line":12,"column":2},"end":{"line":16,"column":3}}],"line":12}},"s":{"0":1,"1":1,"2":1,"3":1,"4":0,"5":1,"6":1},"f":{"0":1},"b":{"0":[0,1]},"_coverageSchema":"332fd63041d2c1bcb487cc26dd0d5f7d97098a6c","hash":"9ff76d36575c3c1b2a40db1d0cc7e2656cc1971e"}
}
