{"/Users/jvertil/Desktop/hero-photo-service/hero-photo-service/client/src/components/Gallery.jsx": {"path":"/Users/jvertil/Desktop/hero-photo-service/hero-photo-service/client/src/components/Gallery.jsx","statementMap":{"0":{"start":{"line":8,"column":4},"end":{"line":8,"column":17}},"1":{"start":{"line":10,"column":4},"end":{"line":19,"column":6}},"2":{"start":{"line":23,"column":4},"end":{"line":23,"column":49}},"3":{"start":{"line":27,"column":4},"end":{"line":36,"column":5}},"4":{"start":{"line":28,"column":6},"end":{"line":28,"column":43}},"5":{"start":{"line":29,"column":6},"end":{"line":29,"column":42}},"6":{"start":{"line":30,"column":11},"end":{"line":36,"column":5}},"7":{"start":{"line":31,"column":6},"end":{"line":31,"column":71}},"8":{"start":{"line":32,"column":6},"end":{"line":32,"column":69}},"9":{"start":{"line":34,"column":6},"end":{"line":34,"column":71}},"10":{"start":{"line":35,"column":6},"end":{"line":35,"column":68}},"11":{"start":{"line":37,"column":4},"end":{"line":37,"column":54}},"12":{"start":{"line":38,"column":4},"end":{"line":38,"column":50}},"13":{"start":{"line":42,"column":19},"end":{"line":42,"column":20}},"14":{"start":{"line":43,"column":4},"end":{"line":47,"column":5}},"15":{"start":{"line":44,"column":6},"end":{"line":44,"column":19}},"16":{"start":{"line":46,"column":6},"end":{"line":46,"column":47}},"17":{"start":{"line":48,"column":4},"end":{"line":52,"column":7}},"18":{"start":{"line":49,"column":6},"end":{"line":51,"column":9}},"19":{"start":{"line":50,"column":8},"end":{"line":50,"column":31}},"20":{"start":{"line":56,"column":19},"end":{"line":56,"column":20}},"21":{"start":{"line":57,"column":4},"end":{"line":61,"column":5}},"22":{"start":{"line":58,"column":6},"end":{"line":58,"column":20}},"23":{"start":{"line":60,"column":6},"end":{"line":60,"column":47}},"24":{"start":{"line":62,"column":4},"end":{"line":66,"column":7}},"25":{"start":{"line":63,"column":6},"end":{"line":65,"column":9}},"26":{"start":{"line":64,"column":8},"end":{"line":64,"column":31}},"27":{"start":{"line":70,"column":4},"end":{"line":70,"column":48}},"28":{"start":{"line":71,"column":4},"end":{"line":71,"column":57}},"29":{"start":{"line":72,"column":4},"end":{"line":72,"column":62}},"30":{"start":{"line":76,"column":19},"end":{"line":76,"column":41}},"31":{"start":{"line":77,"column":4},"end":{"line":77,"column":44}},"32":{"start":{"line":79,"column":19},"end":{"line":79,"column":45}},"33":{"start":{"line":80,"column":17},"end":{"line":80,"column":19}},"34":{"start":{"line":81,"column":22},"end":{"line":81,"column":24}},"35":{"start":{"line":82,"column":4},"end":{"line":88,"column":5}},"36":{"start":{"line":83,"column":6},"end":{"line":83,"column":33}},"37":{"start":{"line":84,"column":6},"end":{"line":84,"column":39}},"38":{"start":{"line":86,"column":6},"end":{"line":86,"column":33}},"39":{"start":{"line":87,"column":6},"end":{"line":87,"column":41}},"40":{"start":{"line":90,"column":4},"end":{"line":92,"column":7}},"41":{"start":{"line":91,"column":6},"end":{"line":91,"column":53}},"42":{"start":{"line":96,"column":4},"end":{"line":96,"column":41}},"43":{"start":{"line":97,"column":4},"end":{"line":99,"column":7}},"44":{"start":{"line":98,"column":6},"end":{"line":98,"column":62}},"45":{"start":{"line":104,"column":25},"end":{"line":132,"column":12}},"46":{"start":{"line":110,"column":16},"end":{"line":112,"column":17}},"47":{"start":{"line":111,"column":18},"end":{"line":111,"column":159}},"48":{"start":{"line":111,"column":47},"end":{"line":111,"column":93}},"49":{"start":{"line":113,"column":16},"end":{"line":119,"column":17}},"50":{"start":{"line":114,"column":18},"end":{"line":118,"column":20}},"51":{"start":{"line":116,"column":44},"end":{"line":116,"column":90}},"52":{"start":{"line":119,"column":18},"end":{"line":121,"column":17}},"53":{"start":{"line":120,"column":18},"end":{"line":120,"column":150}},"54":{"start":{"line":120,"column":47},"end":{"line":120,"column":93}},"55":{"start":{"line":121,"column":18},"end":{"line":127,"column":17}},"56":{"start":{"line":122,"column":18},"end":{"line":126,"column":20}},"57":{"start":{"line":124,"column":44},"end":{"line":124,"column":90}},"58":{"start":{"line":133,"column":4},"end":{"line":169,"column":6}}},"fnMap":{"0":{"name":"(anonymous_0)","decl":{"start":{"line":7,"column":2},"end":{"line":7,"column":3}},"loc":{"start":{"line":7,"column":21},"end":{"line":20,"column":3}},"line":7},"1":{"name":"(anonymous_1)","decl":{"start":{"line":22,"column":2},"end":{"line":22,"column":3}},"loc":{"start":{"line":22,"column":22},"end":{"line":24,"column":3}},"line":22},"2":{"name":"(anonymous_2)","decl":{"start":{"line":26,"column":2},"end":{"line":26,"column":3}},"loc":{"start":{"line":26,"column":20},"end":{"line":39,"column":3}},"line":26},"3":{"name":"(anonymous_3)","decl":{"start":{"line":41,"column":2},"end":{"line":41,"column":3}},"loc":{"start":{"line":41,"column":18},"end":{"line":53,"column":3}},"line":41},"4":{"name":"(anonymous_4)","decl":{"start":{"line":48,"column":48},"end":{"line":48,"column":49}},"loc":{"start":{"line":48,"column":54},"end":{"line":52,"column":5}},"line":48},"5":{"name":"(anonymous_5)","decl":{"start":{"line":49,"column":81},"end":{"line":49,"column":82}},"loc":{"start":{"line":49,"column":87},"end":{"line":51,"column":7}},"line":49},"6":{"name":"(anonymous_6)","decl":{"start":{"line":55,"column":2},"end":{"line":55,"column":3}},"loc":{"start":{"line":55,"column":18},"end":{"line":67,"column":3}},"line":55},"7":{"name":"(anonymous_7)","decl":{"start":{"line":62,"column":48},"end":{"line":62,"column":49}},"loc":{"start":{"line":62,"column":54},"end":{"line":66,"column":5}},"line":62},"8":{"name":"(anonymous_8)","decl":{"start":{"line":63,"column":81},"end":{"line":63,"column":82}},"loc":{"start":{"line":63,"column":87},"end":{"line":65,"column":7}},"line":63},"9":{"name":"(anonymous_9)","decl":{"start":{"line":69,"column":2},"end":{"line":69,"column":3}},"loc":{"start":{"line":69,"column":53},"end":{"line":73,"column":3}},"line":69},"10":{"name":"(anonymous_10)","decl":{"start":{"line":75,"column":2},"end":{"line":75,"column":3}},"loc":{"start":{"line":75,"column":20},"end":{"line":93,"column":3}},"line":75},"11":{"name":"(anonymous_11)","decl":{"start":{"line":90,"column":47},"end":{"line":90,"column":48}},"loc":{"start":{"line":90,"column":53},"end":{"line":92,"column":5}},"line":90},"12":{"name":"(anonymous_12)","decl":{"start":{"line":95,"column":2},"end":{"line":95,"column":3}},"loc":{"start":{"line":95,"column":18},"end":{"line":100,"column":3}},"line":95},"13":{"name":"(anonymous_13)","decl":{"start":{"line":97,"column":58},"end":{"line":97,"column":59}},"loc":{"start":{"line":97,"column":64},"end":{"line":99,"column":5}},"line":97},"14":{"name":"(anonymous_14)","decl":{"start":{"line":103,"column":2},"end":{"line":103,"column":3}},"loc":{"start":{"line":103,"column":11},"end":{"line":170,"column":3}},"line":103},"15":{"name":"(anonymous_15)","decl":{"start":{"line":109,"column":36},"end":{"line":109,"column":37}},"loc":{"start":{"line":109,"column":54},"end":{"line":128,"column":15}},"line":109},"16":{"name":"(anonymous_16)","decl":{"start":{"line":111,"column":39},"end":{"line":111,"column":40}},"loc":{"start":{"line":111,"column":45},"end":{"line":111,"column":95}},"line":111},"17":{"name":"(anonymous_17)","decl":{"start":{"line":116,"column":36},"end":{"line":116,"column":37}},"loc":{"start":{"line":116,"column":42},"end":{"line":116,"column":92}},"line":116},"18":{"name":"(anonymous_18)","decl":{"start":{"line":120,"column":39},"end":{"line":120,"column":40}},"loc":{"start":{"line":120,"column":45},"end":{"line":120,"column":95}},"line":120},"19":{"name":"(anonymous_19)","decl":{"start":{"line":124,"column":36},"end":{"line":124,"column":37}},"loc":{"start":{"line":124,"column":42},"end":{"line":124,"column":92}},"line":124}},"branchMap":{"0":{"loc":{"start":{"line":27,"column":4},"end":{"line":36,"column":5}},"type":"if","locations":[{"start":{"line":27,"column":4},"end":{"line":36,"column":5}},{"start":{"line":27,"column":4},"end":{"line":36,"column":5}}],"line":27},"1":{"loc":{"start":{"line":30,"column":11},"end":{"line":36,"column":5}},"type":"if","locations":[{"start":{"line":30,"column":11},"end":{"line":36,"column":5}},{"start":{"line":30,"column":11},"end":{"line":36,"column":5}}],"line":30},"2":{"loc":{"start":{"line":30,"column":15},"end":{"line":30,"column":134}},"type":"binary-expr","locations":[{"start":{"line":30,"column":15},"end":{"line":30,"column":44}},{"start":{"line":30,"column":48},"end":{"line":30,"column":78}},{"start":{"line":30,"column":82},"end":{"line":30,"column":134}}],"line":30},"3":{"loc":{"start":{"line":43,"column":4},"end":{"line":47,"column":5}},"type":"if","locations":[{"start":{"line":43,"column":4},"end":{"line":47,"column":5}},{"start":{"line":43,"column":4},"end":{"line":47,"column":5}}],"line":43},"4":{"loc":{"start":{"line":57,"column":4},"end":{"line":61,"column":5}},"type":"if","locations":[{"start":{"line":57,"column":4},"end":{"line":61,"column":5}},{"start":{"line":57,"column":4},"end":{"line":61,"column":5}}],"line":57},"5":{"loc":{"start":{"line":82,"column":4},"end":{"line":88,"column":5}},"type":"if","locations":[{"start":{"line":82,"column":4},"end":{"line":88,"column":5}},{"start":{"line":82,"column":4},"end":{"line":88,"column":5}}],"line":82},"6":{"loc":{"start":{"line":104,"column":25},"end":{"line":132,"column":12}},"type":"cond-expr","locations":[{"start":{"line":105,"column":6},"end":{"line":131,"column":12}},{"start":{"line":132,"column":8},"end":{"line":132,"column":12}}],"line":104},"7":{"loc":{"start":{"line":110,"column":16},"end":{"line":112,"column":17}},"type":"if","locations":[{"start":{"line":110,"column":16},"end":{"line":112,"column":17}},{"start":{"line":110,"column":16},"end":{"line":112,"column":17}}],"line":110},"8":{"loc":{"start":{"line":113,"column":16},"end":{"line":119,"column":17}},"type":"if","locations":[{"start":{"line":113,"column":16},"end":{"line":119,"column":17}},{"start":{"line":113,"column":16},"end":{"line":119,"column":17}}],"line":113},"9":{"loc":{"start":{"line":119,"column":18},"end":{"line":121,"column":17}},"type":"if","locations":[{"start":{"line":119,"column":18},"end":{"line":121,"column":17}},{"start":{"line":119,"column":18},"end":{"line":121,"column":17}}],"line":119},"10":{"loc":{"start":{"line":119,"column":22},"end":{"line":119,"column":94}},"type":"binary-expr","locations":[{"start":{"line":119,"column":22},"end":{"line":119,"column":59}},{"start":{"line":119,"column":63},"end":{"line":119,"column":94}}],"line":119},"11":{"loc":{"start":{"line":121,"column":18},"end":{"line":127,"column":17}},"type":"if","locations":[{"start":{"line":121,"column":18},"end":{"line":127,"column":17}},{"start":{"line":121,"column":18},"end":{"line":127,"column":17}}],"line":121}},"s":{"0":1,"1":1,"2":1,"3":0,"4":0,"5":0,"6":0,"7":0,"8":0,"9":0,"10":0,"11":0,"12":0,"13":0,"14":0,"15":0,"16":0,"17":0,"18":0,"19":0,"20":0,"21":0,"22":0,"23":0,"24":0,"25":0,"26":0,"27":0,"28":0,"29":0,"30":0,"31":0,"32":0,"33":0,"34":0,"35":0,"36":0,"37":0,"38":0,"39":0,"40":0,"41":0,"42":0,"43":0,"44":0,"45":1,"46":2,"47":1,"48":0,"49":1,"50":0,"51":0,"52":1,"53":0,"54":0,"55":1,"56":0,"57":0,"58":1},"f":{"0":1,"1":1,"2":0,"3":0,"4":0,"5":0,"6":0,"7":0,"8":0,"9":0,"10":0,"11":0,"12":0,"13":0,"14":1,"15":2,"16":0,"17":0,"18":0,"19":0},"b":{"0":[0,0],"1":[0,0],"2":[0,0,0],"3":[0,0],"4":[0,0],"5":[0,0],"6":[1,0],"7":[1,1],"8":[0,1],"9":[0,1],"10":[1,0],"11":[0,1]},"_coverageSchema":"332fd63041d2c1bcb487cc26dd0d5f7d97098a6c","hash":"3e92a26a77eced627caa2fc5b90e4a3559656122"}
,"/Users/jvertil/Desktop/hero-photo-service/hero-photo-service/client/src/components/Hero.jsx": {"path":"/Users/jvertil/Desktop/hero-photo-service/hero-photo-service/client/src/components/Hero.jsx","statementMap":{"0":{"start":{"line":12,"column":4},"end":{"line":12,"column":17}},"1":{"start":{"line":13,"column":4},"end":{"line":29,"column":6}},"2":{"start":{"line":31,"column":4},"end":{"line":31,"column":63}},"3":{"start":{"line":32,"column":4},"end":{"line":32,"column":63}},"4":{"start":{"line":33,"column":4},"end":{"line":33,"column":59}},"5":{"start":{"line":34,"column":4},"end":{"line":34,"column":59}},"6":{"start":{"line":35,"column":4},"end":{"line":35,"column":57}},"7":{"start":{"line":36,"column":4},"end":{"line":36,"column":57}},"8":{"start":{"line":40,"column":4},"end":{"line":40,"column":28}},"9":{"start":{"line":41,"column":4},"end":{"line":41,"column":29}},"10":{"start":{"line":42,"column":4},"end":{"line":42,"column":29}},"11":{"start":{"line":46,"column":4},"end":{"line":46,"column":46}},"12":{"start":{"line":50,"column":4},"end":{"line":50,"column":47}},"13":{"start":{"line":54,"column":4},"end":{"line":54,"column":44}},"14":{"start":{"line":58,"column":4},"end":{"line":58,"column":45}},"15":{"start":{"line":62,"column":3},"end":{"line":62,"column":58}},"16":{"start":{"line":63,"column":3},"end":{"line":76,"column":4}},"17":{"start":{"line":64,"column":4},"end":{"line":64,"column":43}},"18":{"start":{"line":65,"column":10},"end":{"line":76,"column":4}},"19":{"start":{"line":66,"column":19},"end":{"line":66,"column":62}},"20":{"start":{"line":67,"column":4},"end":{"line":75,"column":7}},"21":{"start":{"line":69,"column":5},"end":{"line":69,"column":27}},"22":{"start":{"line":71,"column":5},"end":{"line":71,"column":30}},"23":{"start":{"line":74,"column":5},"end":{"line":74,"column":61}},"24":{"start":{"line":80,"column":4},"end":{"line":80,"column":44}},"25":{"start":{"line":84,"column":4},"end":{"line":91,"column":9}},"26":{"start":{"line":86,"column":8},"end":{"line":86,"column":63}},"27":{"start":{"line":87,"column":8},"end":{"line":87,"column":49}},"28":{"start":{"line":90,"column":8},"end":{"line":90,"column":69}},"29":{"start":{"line":96,"column":3},"end":{"line":102,"column":4}},"30":{"start":{"line":97,"column":4},"end":{"line":97,"column":26}},"31":{"start":{"line":98,"column":10},"end":{"line":102,"column":4}},"32":{"start":{"line":99,"column":4},"end":{"line":99,"column":29}},"33":{"start":{"line":100,"column":10},"end":{"line":102,"column":4}},"34":{"start":{"line":101,"column":4},"end":{"line":101,"column":20}},"35":{"start":{"line":106,"column":3},"end":{"line":115,"column":8}},"36":{"start":{"line":108,"column":6},"end":{"line":108,"column":41}},"37":{"start":{"line":109,"column":6},"end":{"line":109,"column":54}},"38":{"start":{"line":111,"column":6},"end":{"line":111,"column":22}},"39":{"start":{"line":114,"column":6},"end":{"line":114,"column":69}},"40":{"start":{"line":119,"column":4},"end":{"line":167,"column":9}},"41":{"start":{"line":121,"column":7},"end":{"line":121,"column":50}},"42":{"start":{"line":123,"column":25},"end":{"line":123,"column":38}},"43":{"start":{"line":124,"column":30},"end":{"line":124,"column":35}},"44":{"start":{"line":125,"column":29},"end":{"line":125,"column":30}},"45":{"start":{"line":128,"column":32},"end":{"line":128,"column":34}},"46":{"start":{"line":129,"column":6},"end":{"line":133,"column":7}},"47":{"start":{"line":130,"column":7},"end":{"line":130,"column":28}},"48":{"start":{"line":131,"column":7},"end":{"line":131,"column":69}},"49":{"start":{"line":132,"column":7},"end":{"line":132,"column":31}},"50":{"start":{"line":135,"column":6},"end":{"line":135,"column":54}},"51":{"start":{"line":137,"column":6},"end":{"line":149,"column":7}},"52":{"start":{"line":138,"column":7},"end":{"line":142,"column":10}},"53":{"start":{"line":139,"column":8},"end":{"line":141,"column":11}},"54":{"start":{"line":140,"column":9},"end":{"line":140,"column":45}},"55":{"start":{"line":144,"column":7},"end":{"line":148,"column":10}},"56":{"start":{"line":145,"column":8},"end":{"line":147,"column":11}},"57":{"start":{"line":146,"column":9},"end":{"line":146,"column":46}},"58":{"start":{"line":151,"column":6},"end":{"line":151,"column":60}},"59":{"start":{"line":154,"column":6},"end":{"line":161,"column":7}},"60":{"start":{"line":155,"column":18},"end":{"line":155,"column":33}},"61":{"start":{"line":156,"column":7},"end":{"line":160,"column":8}},"62":{"start":{"line":157,"column":8},"end":{"line":157,"column":46}},"63":{"start":{"line":159,"column":8},"end":{"line":159,"column":47}},"64":{"start":{"line":163,"column":7},"end":{"line":163,"column":43}},"65":{"start":{"line":166,"column":7},"end":{"line":166,"column":59}},"66":{"start":{"line":171,"column":4},"end":{"line":180,"column":9}},"67":{"start":{"line":173,"column":8},"end":{"line":176,"column":11}},"68":{"start":{"line":175,"column":10},"end":{"line":175,"column":57}},"69":{"start":{"line":179,"column":8},"end":{"line":179,"column":69}},"70":{"start":{"line":185,"column":19},"end":{"line":185,"column":37}},"71":{"start":{"line":186,"column":21},"end":{"line":188,"column":5}},"72":{"start":{"line":190,"column":16},"end":{"line":190,"column":20}},"73":{"start":{"line":191,"column":4},"end":{"line":217,"column":5}},"74":{"start":{"line":192,"column":5},"end":{"line":198,"column":8}},"75":{"start":{"line":199,"column":11},"end":{"line":217,"column":5}},"76":{"start":{"line":200,"column":5},"end":{"line":206,"column":8}},"77":{"start":{"line":207,"column":11},"end":{"line":217,"column":5}},"78":{"start":{"line":208,"column":5},"end":{"line":214,"column":8}},"79":{"start":{"line":216,"column":5},"end":{"line":216,"column":18}},"80":{"start":{"line":219,"column":4},"end":{"line":236,"column":6}},"81":{"start":{"line":241,"column":0},"end":{"line":241,"column":27}}},"fnMap":{"0":{"name":"(anonymous_0)","decl":{"start":{"line":11,"column":2},"end":{"line":11,"column":3}},"loc":{"start":{"line":11,"column":21},"end":{"line":37,"column":3}},"line":11},"1":{"name":"(anonymous_1)","decl":{"start":{"line":39,"column":2},"end":{"line":39,"column":3}},"loc":{"start":{"line":39,"column":22},"end":{"line":43,"column":3}},"line":39},"2":{"name":"(anonymous_2)","decl":{"start":{"line":45,"column":2},"end":{"line":45,"column":3}},"loc":{"start":{"line":45,"column":22},"end":{"line":47,"column":3}},"line":45},"3":{"name":"(anonymous_3)","decl":{"start":{"line":49,"column":2},"end":{"line":49,"column":3}},"loc":{"start":{"line":49,"column":22},"end":{"line":51,"column":3}},"line":49},"4":{"name":"(anonymous_4)","decl":{"start":{"line":53,"column":2},"end":{"line":53,"column":3}},"loc":{"start":{"line":53,"column":20},"end":{"line":55,"column":3}},"line":53},"5":{"name":"(anonymous_5)","decl":{"start":{"line":57,"column":2},"end":{"line":57,"column":3}},"loc":{"start":{"line":57,"column":20},"end":{"line":59,"column":3}},"line":57},"6":{"name":"(anonymous_6)","decl":{"start":{"line":61,"column":2},"end":{"line":61,"column":3}},"loc":{"start":{"line":61,"column":19},"end":{"line":77,"column":3}},"line":61},"7":{"name":"(anonymous_7)","decl":{"start":{"line":68,"column":10},"end":{"line":68,"column":11}},"loc":{"start":{"line":68,"column":24},"end":{"line":72,"column":5}},"line":68},"8":{"name":"(anonymous_8)","decl":{"start":{"line":73,"column":11},"end":{"line":73,"column":12}},"loc":{"start":{"line":73,"column":22},"end":{"line":75,"column":5}},"line":73},"9":{"name":"(anonymous_9)","decl":{"start":{"line":79,"column":2},"end":{"line":79,"column":3}},"loc":{"start":{"line":79,"column":19},"end":{"line":81,"column":3}},"line":79},"10":{"name":"(anonymous_10)","decl":{"start":{"line":83,"column":2},"end":{"line":83,"column":3}},"loc":{"start":{"line":83,"column":21},"end":{"line":92,"column":3}},"line":83},"11":{"name":"(anonymous_11)","decl":{"start":{"line":85,"column":12},"end":{"line":85,"column":13}},"loc":{"start":{"line":85,"column":26},"end":{"line":88,"column":7}},"line":85},"12":{"name":"(anonymous_12)","decl":{"start":{"line":89,"column":13},"end":{"line":89,"column":14}},"loc":{"start":{"line":89,"column":24},"end":{"line":91,"column":7}},"line":89},"13":{"name":"(anonymous_13)","decl":{"start":{"line":95,"column":2},"end":{"line":95,"column":3}},"loc":{"start":{"line":95,"column":33},"end":{"line":103,"column":3}},"line":95},"14":{"name":"(anonymous_14)","decl":{"start":{"line":105,"column":2},"end":{"line":105,"column":3}},"loc":{"start":{"line":105,"column":22},"end":{"line":116,"column":3}},"line":105},"15":{"name":"(anonymous_15)","decl":{"start":{"line":107,"column":11},"end":{"line":107,"column":12}},"loc":{"start":{"line":107,"column":25},"end":{"line":112,"column":6}},"line":107},"16":{"name":"(anonymous_16)","decl":{"start":{"line":113,"column":12},"end":{"line":113,"column":13}},"loc":{"start":{"line":113,"column":23},"end":{"line":115,"column":6}},"line":113},"17":{"name":"(anonymous_17)","decl":{"start":{"line":118,"column":2},"end":{"line":118,"column":3}},"loc":{"start":{"line":118,"column":13},"end":{"line":168,"column":3}},"line":118},"18":{"name":"(anonymous_18)","decl":{"start":{"line":120,"column":12},"end":{"line":120,"column":13}},"loc":{"start":{"line":120,"column":26},"end":{"line":164,"column":7}},"line":120},"19":{"name":"(anonymous_19)","decl":{"start":{"line":138,"column":50},"end":{"line":138,"column":51}},"loc":{"start":{"line":138,"column":56},"end":{"line":142,"column":8}},"line":138},"20":{"name":"(anonymous_20)","decl":{"start":{"line":139,"column":63},"end":{"line":139,"column":64}},"loc":{"start":{"line":139,"column":69},"end":{"line":141,"column":9}},"line":139},"21":{"name":"(anonymous_21)","decl":{"start":{"line":144,"column":49},"end":{"line":144,"column":50}},"loc":{"start":{"line":144,"column":55},"end":{"line":148,"column":8}},"line":144},"22":{"name":"(anonymous_22)","decl":{"start":{"line":145,"column":64},"end":{"line":145,"column":65}},"loc":{"start":{"line":145,"column":70},"end":{"line":147,"column":9}},"line":145},"23":{"name":"(anonymous_23)","decl":{"start":{"line":165,"column":13},"end":{"line":165,"column":14}},"loc":{"start":{"line":165,"column":24},"end":{"line":167,"column":7}},"line":165},"24":{"name":"(anonymous_24)","decl":{"start":{"line":170,"column":2},"end":{"line":170,"column":3}},"loc":{"start":{"line":170,"column":22},"end":{"line":181,"column":3}},"line":170},"25":{"name":"(anonymous_25)","decl":{"start":{"line":172,"column":12},"end":{"line":172,"column":13}},"loc":{"start":{"line":172,"column":26},"end":{"line":177,"column":7}},"line":172},"26":{"name":"(anonymous_26)","decl":{"start":{"line":173,"column":53},"end":{"line":173,"column":54}},"loc":{"start":{"line":173,"column":59},"end":{"line":176,"column":9}},"line":173},"27":{"name":"(anonymous_27)","decl":{"start":{"line":178,"column":13},"end":{"line":178,"column":14}},"loc":{"start":{"line":178,"column":24},"end":{"line":180,"column":7}},"line":178},"28":{"name":"(anonymous_28)","decl":{"start":{"line":184,"column":2},"end":{"line":184,"column":3}},"loc":{"start":{"line":184,"column":11},"end":{"line":237,"column":3}},"line":184}},"branchMap":{"0":{"loc":{"start":{"line":63,"column":3},"end":{"line":76,"column":4}},"type":"if","locations":[{"start":{"line":63,"column":3},"end":{"line":76,"column":4}},{"start":{"line":63,"column":3},"end":{"line":76,"column":4}}],"line":63},"1":{"loc":{"start":{"line":63,"column":7},"end":{"line":63,"column":65}},"type":"binary-expr","locations":[{"start":{"line":63,"column":7},"end":{"line":63,"column":35}},{"start":{"line":63,"column":39},"end":{"line":63,"column":65}}],"line":63},"2":{"loc":{"start":{"line":65,"column":10},"end":{"line":76,"column":4}},"type":"if","locations":[{"start":{"line":65,"column":10},"end":{"line":76,"column":4}},{"start":{"line":65,"column":10},"end":{"line":76,"column":4}}],"line":65},"3":{"loc":{"start":{"line":96,"column":3},"end":{"line":102,"column":4}},"type":"if","locations":[{"start":{"line":96,"column":3},"end":{"line":102,"column":4}},{"start":{"line":96,"column":3},"end":{"line":102,"column":4}}],"line":96},"4":{"loc":{"start":{"line":98,"column":10},"end":{"line":102,"column":4}},"type":"if","locations":[{"start":{"line":98,"column":10},"end":{"line":102,"column":4}},{"start":{"line":98,"column":10},"end":{"line":102,"column":4}}],"line":98},"5":{"loc":{"start":{"line":100,"column":10},"end":{"line":102,"column":4}},"type":"if","locations":[{"start":{"line":100,"column":10},"end":{"line":102,"column":4}},{"start":{"line":100,"column":10},"end":{"line":102,"column":4}}],"line":100},"6":{"loc":{"start":{"line":137,"column":6},"end":{"line":149,"column":7}},"type":"if","locations":[{"start":{"line":137,"column":6},"end":{"line":149,"column":7}},{"start":{"line":137,"column":6},"end":{"line":149,"column":7}}],"line":137},"7":{"loc":{"start":{"line":156,"column":7},"end":{"line":160,"column":8}},"type":"if","locations":[{"start":{"line":156,"column":7},"end":{"line":160,"column":8}},{"start":{"line":156,"column":7},"end":{"line":160,"column":8}}],"line":156},"8":{"loc":{"start":{"line":191,"column":4},"end":{"line":217,"column":5}},"type":"if","locations":[{"start":{"line":191,"column":4},"end":{"line":217,"column":5}},{"start":{"line":191,"column":4},"end":{"line":217,"column":5}}],"line":191},"9":{"loc":{"start":{"line":199,"column":11},"end":{"line":217,"column":5}},"type":"if","locations":[{"start":{"line":199,"column":11},"end":{"line":217,"column":5}},{"start":{"line":199,"column":11},"end":{"line":217,"column":5}}],"line":199},"10":{"loc":{"start":{"line":207,"column":11},"end":{"line":217,"column":5}},"type":"if","locations":[{"start":{"line":207,"column":11},"end":{"line":217,"column":5}},{"start":{"line":207,"column":11},"end":{"line":217,"column":5}}],"line":207}},"s":{"0":6,"1":6,"2":6,"3":6,"4":6,"5":6,"6":6,"7":6,"8":6,"9":6,"10":6,"11":2,"12":0,"13":1,"14":0,"15":0,"16":0,"17":0,"18":0,"19":0,"20":0,"21":0,"22":0,"23":0,"24":0,"25":6,"26":0,"27":0,"28":6,"29":0,"30":0,"31":0,"32":0,"33":0,"34":0,"35":6,"36":0,"37":0,"38":0,"39":6,"40":0,"41":0,"42":0,"43":0,"44":0,"45":0,"46":0,"47":0,"48":0,"49":0,"50":0,"51":0,"52":0,"53":0,"54":0,"55":0,"56":0,"57":0,"58":0,"59":0,"60":0,"61":0,"62":0,"63":0,"64":0,"65":0,"66":6,"67":0,"68":0,"69":6,"70":10,"71":10,"72":10,"73":10,"74":2,"75":8,"76":1,"77":7,"78":1,"79":6,"80":10,"81":1},"f":{"0":6,"1":6,"2":2,"3":0,"4":1,"5":0,"6":0,"7":0,"8":0,"9":0,"10":6,"11":0,"12":6,"13":0,"14":6,"15":0,"16":6,"17":0,"18":0,"19":0,"20":0,"21":0,"22":0,"23":0,"24":6,"25":0,"26":0,"27":6,"28":10},"b":{"0":[0,0],"1":[0,0],"2":[0,0],"3":[0,0],"4":[0,0],"5":[0,0],"6":[0,0],"7":[0,0],"8":[2,8],"9":[1,7],"10":[1,6]},"_coverageSchema":"332fd63041d2c1bcb487cc26dd0d5f7d97098a6c","hash":"7c3a18de0558ed0968dbc073b01c580fd02c3226"}
,"/Users/jvertil/Desktop/hero-photo-service/hero-photo-service/client/src/components/Modal.jsx": {"path":"/Users/jvertil/Desktop/hero-photo-service/hero-photo-service/client/src/components/Modal.jsx","statementMap":{"0":{"start":{"line":4,"column":14},"end":{"line":4,"column":48}},"1":{"start":{"line":8,"column":4},"end":{"line":8,"column":17}},"2":{"start":{"line":10,"column":4},"end":{"line":10,"column":44}},"3":{"start":{"line":15,"column":4},"end":{"line":15,"column":31}},"4":{"start":{"line":20,"column":4},"end":{"line":20,"column":31}},"5":{"start":{"line":25,"column":4},"end":{"line":25,"column":63}}},"fnMap":{"0":{"name":"(anonymous_0)","decl":{"start":{"line":7,"column":2},"end":{"line":7,"column":3}},"loc":{"start":{"line":7,"column":21},"end":{"line":11,"column":3}},"line":7},"1":{"name":"(anonymous_1)","decl":{"start":{"line":13,"column":2},"end":{"line":13,"column":3}},"loc":{"start":{"line":13,"column":22},"end":{"line":16,"column":3}},"line":13},"2":{"name":"(anonymous_2)","decl":{"start":{"line":18,"column":2},"end":{"line":18,"column":3}},"loc":{"start":{"line":18,"column":25},"end":{"line":21,"column":3}},"line":18},"3":{"name":"(anonymous_3)","decl":{"start":{"line":23,"column":2},"end":{"line":23,"column":3}},"loc":{"start":{"line":23,"column":11},"end":{"line":26,"column":3}},"line":23}},"branchMap":{},"s":{"0":1,"1":1,"2":1,"3":1,"4":1,"5":1},"f":{"0":1,"1":1,"2":1,"3":1},"b":{},"_coverageSchema":"332fd63041d2c1bcb487cc26dd0d5f7d97098a6c","hash":"0c85c34a70f07072a0750517df036106b6d18117"}
,"/Users/jvertil/Desktop/hero-photo-service/hero-photo-service/client/src/components/Save.jsx": {"path":"/Users/jvertil/Desktop/hero-photo-service/hero-photo-service/client/src/components/Save.jsx","statementMap":{"0":{"start":{"line":8,"column":4},"end":{"line":8,"column":17}},"1":{"start":{"line":10,"column":4},"end":{"line":22,"column":6}},"2":{"start":{"line":24,"column":4},"end":{"line":24,"column":63}},"3":{"start":{"line":28,"column":3},"end":{"line":28,"column":46}},"4":{"start":{"line":29,"column":3},"end":{"line":29,"column":68}},"5":{"start":{"line":30,"column":3},"end":{"line":30,"column":48}},"6":{"start":{"line":31,"column":3},"end":{"line":31,"column":54}},"7":{"start":{"line":32,"column":4},"end":{"line":34,"column":7}},"8":{"start":{"line":33,"column":6},"end":{"line":33,"column":28}},"9":{"start":{"line":38,"column":3},"end":{"line":40,"column":4}},"10":{"start":{"line":39,"column":4},"end":{"line":39,"column":47}},"11":{"start":{"line":42,"column":3},"end":{"line":44,"column":4}},"12":{"start":{"line":43,"column":4},"end":{"line":43,"column":69}},"13":{"start":{"line":46,"column":3},"end":{"line":48,"column":4}},"14":{"start":{"line":47,"column":4},"end":{"line":47,"column":49}},"15":{"start":{"line":50,"column":3},"end":{"line":52,"column":4}},"16":{"start":{"line":51,"column":4},"end":{"line":51,"column":55}},"17":{"start":{"line":54,"column":4},"end":{"line":56,"column":5}},"18":{"start":{"line":55,"column":6},"end":{"line":55,"column":53}},"19":{"start":{"line":61,"column":3},"end":{"line":61,"column":50}},"20":{"start":{"line":66,"column":3},"end":{"line":66,"column":53}},"21":{"start":{"line":67,"column":3},"end":{"line":67,"column":45}},"22":{"start":{"line":71,"column":3},"end":{"line":82,"column":6}},"23":{"start":{"line":75,"column":4},"end":{"line":75,"column":26}},"24":{"start":{"line":76,"column":4},"end":{"line":76,"column":26}},"25":{"start":{"line":77,"column":4},"end":{"line":77,"column":54}},"26":{"start":{"line":78,"column":7},"end":{"line":78,"column":49}},"27":{"start":{"line":81,"column":4},"end":{"line":81,"column":53}},"28":{"start":{"line":86,"column":3},"end":{"line":86,"column":54}},"29":{"start":{"line":87,"column":3},"end":{"line":87,"column":44}},"30":{"start":{"line":92,"column":18},"end":{"line":92,"column":31}},"31":{"start":{"line":94,"column":3},"end":{"line":115,"column":4}},"32":{"start":{"line":96,"column":4},"end":{"line":104,"column":7}},"33":{"start":{"line":98,"column":5},"end":{"line":98,"column":27}},"34":{"start":{"line":100,"column":5},"end":{"line":100,"column":27}},"35":{"start":{"line":103,"column":5},"end":{"line":103,"column":61}},"36":{"start":{"line":107,"column":4},"end":{"line":114,"column":7}},"37":{"start":{"line":109,"column":5},"end":{"line":109,"column":27}},"38":{"start":{"line":110,"column":5},"end":{"line":110,"column":27}},"39":{"start":{"line":113,"column":5},"end":{"line":113,"column":65}},"40":{"start":{"line":119,"column":21},"end":{"line":119,"column":23}},"41":{"start":{"line":120,"column":14},"end":{"line":120,"column":55}},"42":{"start":{"line":121,"column":3},"end":{"line":128,"column":4}},"43":{"start":{"line":122,"column":4},"end":{"line":127,"column":5}},"44":{"start":{"line":123,"column":5},"end":{"line":123,"column":23}},"45":{"start":{"line":124,"column":5},"end":{"line":124,"column":15}},"46":{"start":{"line":126,"column":5},"end":{"line":126,"column":23}},"47":{"start":{"line":129,"column":3},"end":{"line":129,"column":41}},"48":{"start":{"line":133,"column":4},"end":{"line":133,"column":42}},"49":{"start":{"line":134,"column":4},"end":{"line":134,"column":32}},"50":{"start":{"line":138,"column":4},"end":{"line":138,"column":41}},"51":{"start":{"line":139,"column":4},"end":{"line":139,"column":32}},"52":{"start":{"line":143,"column":4},"end":{"line":143,"column":45}},"53":{"start":{"line":147,"column":4},"end":{"line":147,"column":44}},"54":{"start":{"line":152,"column":28},"end":{"line":152,"column":32}},"55":{"start":{"line":153,"column":25},"end":{"line":153,"column":29}},"56":{"start":{"line":154,"column":18},"end":{"line":154,"column":22}},"57":{"start":{"line":155,"column":21},"end":{"line":155,"column":25}},"58":{"start":{"line":156,"column":21},"end":{"line":156,"column":25}},"59":{"start":{"line":158,"column":4},"end":{"line":170,"column":5}},"60":{"start":{"line":159,"column":5},"end":{"line":167,"column":8}},"61":{"start":{"line":169,"column":5},"end":{"line":169,"column":30}},"62":{"start":{"line":172,"column":4},"end":{"line":204,"column":5}},"63":{"start":{"line":173,"column":5},"end":{"line":201,"column":8}},"64":{"start":{"line":203,"column":5},"end":{"line":203,"column":27}},"65":{"start":{"line":207,"column":4},"end":{"line":257,"column":5}},"66":{"start":{"line":208,"column":6},"end":{"line":249,"column":8}},"67":{"start":{"line":211,"column":54},"end":{"line":211,"column":76}},"68":{"start":{"line":234,"column":14},"end":{"line":240,"column":20}},"69":{"start":{"line":251,"column":6},"end":{"line":251,"column":21}},"70":{"start":{"line":252,"column":6},"end":{"line":256,"column":8}},"71":{"start":{"line":259,"column":4},"end":{"line":295,"column":5}},"72":{"start":{"line":260,"column":6},"end":{"line":294,"column":8}},"73":{"start":{"line":297,"column":3},"end":{"line":360,"column":6}},"74":{"start":{"line":333,"column":18},"end":{"line":335,"column":19}},"75":{"start":{"line":334,"column":19},"end":{"line":334,"column":67}},"76":{"start":{"line":335,"column":20},"end":{"line":337,"column":19}},"77":{"start":{"line":336,"column":19},"end":{"line":336,"column":67}}},"fnMap":{"0":{"name":"(anonymous_0)","decl":{"start":{"line":7,"column":2},"end":{"line":7,"column":3}},"loc":{"start":{"line":7,"column":21},"end":{"line":25,"column":3}},"line":7},"1":{"name":"(anonymous_1)","decl":{"start":{"line":27,"column":2},"end":{"line":27,"column":3}},"loc":{"start":{"line":27,"column":22},"end":{"line":35,"column":3}},"line":27},"2":{"name":"(anonymous_2)","decl":{"start":{"line":32,"column":51},"end":{"line":32,"column":52}},"loc":{"start":{"line":32,"column":57},"end":{"line":34,"column":5}},"line":32},"3":{"name":"(anonymous_3)","decl":{"start":{"line":37,"column":2},"end":{"line":37,"column":3}},"loc":{"start":{"line":37,"column":32},"end":{"line":57,"column":3}},"line":37},"4":{"name":"(anonymous_4)","decl":{"start":{"line":60,"column":2},"end":{"line":60,"column":3}},"loc":{"start":{"line":60,"column":26},"end":{"line":63,"column":3}},"line":60},"5":{"name":"(anonymous_5)","decl":{"start":{"line":65,"column":2},"end":{"line":65,"column":3}},"loc":{"start":{"line":65,"column":11},"end":{"line":68,"column":3}},"line":65},"6":{"name":"(anonymous_6)","decl":{"start":{"line":70,"column":2},"end":{"line":70,"column":3}},"loc":{"start":{"line":70,"column":11},"end":{"line":83,"column":3}},"line":70},"7":{"name":"(anonymous_7)","decl":{"start":{"line":74,"column":9},"end":{"line":74,"column":10}},"loc":{"start":{"line":74,"column":23},"end":{"line":79,"column":4}},"line":74},"8":{"name":"(anonymous_8)","decl":{"start":{"line":80,"column":10},"end":{"line":80,"column":11}},"loc":{"start":{"line":80,"column":21},"end":{"line":82,"column":4}},"line":80},"9":{"name":"(anonymous_9)","decl":{"start":{"line":85,"column":2},"end":{"line":85,"column":3}},"loc":{"start":{"line":85,"column":26},"end":{"line":88,"column":3}},"line":85},"10":{"name":"(anonymous_10)","decl":{"start":{"line":91,"column":2},"end":{"line":91,"column":3}},"loc":{"start":{"line":91,"column":20},"end":{"line":116,"column":3}},"line":91},"11":{"name":"(anonymous_11)","decl":{"start":{"line":97,"column":10},"end":{"line":97,"column":11}},"loc":{"start":{"line":97,"column":24},"end":{"line":101,"column":5}},"line":97},"12":{"name":"(anonymous_12)","decl":{"start":{"line":102,"column":11},"end":{"line":102,"column":12}},"loc":{"start":{"line":102,"column":22},"end":{"line":104,"column":5}},"line":102},"13":{"name":"(anonymous_13)","decl":{"start":{"line":108,"column":10},"end":{"line":108,"column":11}},"loc":{"start":{"line":108,"column":24},"end":{"line":111,"column":5}},"line":108},"14":{"name":"(anonymous_14)","decl":{"start":{"line":112,"column":11},"end":{"line":112,"column":12}},"loc":{"start":{"line":112,"column":22},"end":{"line":114,"column":5}},"line":112},"15":{"name":"(anonymous_15)","decl":{"start":{"line":118,"column":2},"end":{"line":118,"column":3}},"loc":{"start":{"line":118,"column":19},"end":{"line":130,"column":3}},"line":118},"16":{"name":"(anonymous_16)","decl":{"start":{"line":132,"column":2},"end":{"line":132,"column":3}},"loc":{"start":{"line":132,"column":22},"end":{"line":135,"column":3}},"line":132},"17":{"name":"(anonymous_17)","decl":{"start":{"line":137,"column":2},"end":{"line":137,"column":3}},"loc":{"start":{"line":137,"column":22},"end":{"line":140,"column":3}},"line":137},"18":{"name":"(anonymous_18)","decl":{"start":{"line":142,"column":2},"end":{"line":142,"column":3}},"loc":{"start":{"line":142,"column":25},"end":{"line":144,"column":3}},"line":142},"19":{"name":"(anonymous_19)","decl":{"start":{"line":146,"column":2},"end":{"line":146,"column":3}},"loc":{"start":{"line":146,"column":25},"end":{"line":148,"column":3}},"line":146},"20":{"name":"(anonymous_20)","decl":{"start":{"line":151,"column":2},"end":{"line":151,"column":3}},"loc":{"start":{"line":151,"column":11},"end":{"line":361,"column":3}},"line":151},"21":{"name":"(anonymous_21)","decl":{"start":{"line":211,"column":46},"end":{"line":211,"column":47}},"loc":{"start":{"line":211,"column":52},"end":{"line":211,"column":78}},"line":211},"22":{"name":"(anonymous_22)","decl":{"start":{"line":233,"column":33},"end":{"line":233,"column":34}},"loc":{"start":{"line":234,"column":14},"end":{"line":240,"column":20}},"line":234},"23":{"name":"(anonymous_23)","decl":{"start":{"line":332,"column":40},"end":{"line":332,"column":41}},"loc":{"start":{"line":332,"column":52},"end":{"line":338,"column":18}},"line":332}},"branchMap":{"0":{"loc":{"start":{"line":38,"column":3},"end":{"line":40,"column":4}},"type":"if","locations":[{"start":{"line":38,"column":3},"end":{"line":40,"column":4}},{"start":{"line":38,"column":3},"end":{"line":40,"column":4}}],"line":38},"1":{"loc":{"start":{"line":42,"column":3},"end":{"line":44,"column":4}},"type":"if","locations":[{"start":{"line":42,"column":3},"end":{"line":44,"column":4}},{"start":{"line":42,"column":3},"end":{"line":44,"column":4}}],"line":42},"2":{"loc":{"start":{"line":46,"column":3},"end":{"line":48,"column":4}},"type":"if","locations":[{"start":{"line":46,"column":3},"end":{"line":48,"column":4}},{"start":{"line":46,"column":3},"end":{"line":48,"column":4}}],"line":46},"3":{"loc":{"start":{"line":50,"column":3},"end":{"line":52,"column":4}},"type":"if","locations":[{"start":{"line":50,"column":3},"end":{"line":52,"column":4}},{"start":{"line":50,"column":3},"end":{"line":52,"column":4}}],"line":50},"4":{"loc":{"start":{"line":54,"column":4},"end":{"line":56,"column":5}},"type":"if","locations":[{"start":{"line":54,"column":4},"end":{"line":56,"column":5}},{"start":{"line":54,"column":4},"end":{"line":56,"column":5}}],"line":54},"5":{"loc":{"start":{"line":94,"column":3},"end":{"line":115,"column":4}},"type":"if","locations":[{"start":{"line":94,"column":3},"end":{"line":115,"column":4}},{"start":{"line":94,"column":3},"end":{"line":115,"column":4}}],"line":94},"6":{"loc":{"start":{"line":122,"column":4},"end":{"line":127,"column":5}},"type":"if","locations":[{"start":{"line":122,"column":4},"end":{"line":127,"column":5}},{"start":{"line":122,"column":4},"end":{"line":127,"column":5}}],"line":122},"7":{"loc":{"start":{"line":158,"column":4},"end":{"line":170,"column":5}},"type":"if","locations":[{"start":{"line":158,"column":4},"end":{"line":170,"column":5}},{"start":{"line":158,"column":4},"end":{"line":170,"column":5}}],"line":158},"8":{"loc":{"start":{"line":172,"column":4},"end":{"line":204,"column":5}},"type":"if","locations":[{"start":{"line":172,"column":4},"end":{"line":204,"column":5}},{"start":{"line":172,"column":4},"end":{"line":204,"column":5}}],"line":172},"9":{"loc":{"start":{"line":207,"column":4},"end":{"line":257,"column":5}},"type":"if","locations":[{"start":{"line":207,"column":4},"end":{"line":257,"column":5}},{"start":{"line":207,"column":4},"end":{"line":257,"column":5}}],"line":207},"10":{"loc":{"start":{"line":259,"column":4},"end":{"line":295,"column":5}},"type":"if","locations":[{"start":{"line":259,"column":4},"end":{"line":295,"column":5}},{"start":{"line":259,"column":4},"end":{"line":295,"column":5}}],"line":259},"11":{"loc":{"start":{"line":333,"column":18},"end":{"line":335,"column":19}},"type":"if","locations":[{"start":{"line":333,"column":18},"end":{"line":335,"column":19}},{"start":{"line":333,"column":18},"end":{"line":335,"column":19}}],"line":333},"12":{"loc":{"start":{"line":335,"column":20},"end":{"line":337,"column":19}},"type":"if","locations":[{"start":{"line":335,"column":20},"end":{"line":337,"column":19}},{"start":{"line":335,"column":20},"end":{"line":337,"column":19}}],"line":335}},"s":{"0":1,"1":1,"2":1,"3":1,"4":1,"5":1,"6":1,"7":1,"8":0,"9":0,"10":0,"11":0,"12":0,"13":0,"14":0,"15":0,"16":0,"17":0,"18":0,"19":0,"20":0,"21":0,"22":0,"23":0,"24":0,"25":0,"26":0,"27":0,"28":0,"29":0,"30":0,"31":0,"32":0,"33":0,"34":0,"35":0,"36":0,"37":0,"38":0,"39":0,"40":0,"41":0,"42":0,"43":0,"44":0,"45":0,"46":0,"47":0,"48":0,"49":0,"50":0,"51":0,"52":0,"53":0,"54":1,"55":1,"56":1,"57":1,"58":1,"59":1,"60":1,"61":0,"62":1,"63":0,"64":1,"65":1,"66":1,"67":0,"68":0,"69":0,"70":0,"71":1,"72":0,"73":1,"74":4,"75":0,"76":4,"77":4},"f":{"0":1,"1":1,"2":0,"3":0,"4":0,"5":0,"6":0,"7":0,"8":0,"9":0,"10":0,"11":0,"12":0,"13":0,"14":0,"15":0,"16":0,"17":0,"18":0,"19":0,"20":1,"21":0,"22":0,"23":4},"b":{"0":[0,0],"1":[0,0],"2":[0,0],"3":[0,0],"4":[0,0],"5":[0,0],"6":[0,0],"7":[1,0],"8":[0,1],"9":[1,0],"10":[0,1],"11":[0,4],"12":[4,0]},"_coverageSchema":"332fd63041d2c1bcb487cc26dd0d5f7d97098a6c","hash":"21b60cae1205f93d4598906905183193d0ecf1ab"}
,"/Users/jvertil/Desktop/hero-photo-service/hero-photo-service/client/src/components/Share.jsx": {"path":"/Users/jvertil/Desktop/hero-photo-service/hero-photo-service/client/src/components/Share.jsx","statementMap":{"0":{"start":{"line":7,"column":4},"end":{"line":7,"column":17}},"1":{"start":{"line":8,"column":4},"end":{"line":10,"column":6}},"2":{"start":{"line":14,"column":4},"end":{"line":14,"column":51}},"3":{"start":{"line":18,"column":4},"end":{"line":99,"column":6}},"4":{"start":{"line":22,"column":54},"end":{"line":22,"column":76}}},"fnMap":{"0":{"name":"(anonymous_0)","decl":{"start":{"line":6,"column":2},"end":{"line":6,"column":3}},"loc":{"start":{"line":6,"column":21},"end":{"line":11,"column":3}},"line":6},"1":{"name":"(anonymous_1)","decl":{"start":{"line":13,"column":2},"end":{"line":13,"column":3}},"loc":{"start":{"line":13,"column":22},"end":{"line":15,"column":3}},"line":13},"2":{"name":"(anonymous_2)","decl":{"start":{"line":17,"column":2},"end":{"line":17,"column":3}},"loc":{"start":{"line":17,"column":11},"end":{"line":100,"column":3}},"line":17},"3":{"name":"(anonymous_3)","decl":{"start":{"line":22,"column":46},"end":{"line":22,"column":47}},"loc":{"start":{"line":22,"column":52},"end":{"line":22,"column":78}},"line":22}},"branchMap":{},"s":{"0":2,"1":2,"2":2,"3":4,"4":0},"f":{"0":2,"1":2,"2":4,"3":0},"b":{},"_coverageSchema":"332fd63041d2c1bcb487cc26dd0d5f7d97098a6c","hash":"a1f89c502a20a3b9ef114a267337d2e51c2fffc6"}
,"/Users/jvertil/Desktop/hero-photo-service/hero-photo-service/database/Queries.js": {"path":"/Users/jvertil/Desktop/hero-photo-service/hero-photo-service/database/Queries.js","statementMap":{"0":{"start":{"line":2,"column":19},"end":{"line":2,"column":40}},"1":{"start":{"line":4,"column":25},"end":{"line":15,"column":1}},"2":{"start":{"line":5,"column":19},"end":{"line":5,"column":87}},"3":{"start":{"line":6,"column":2},"end":{"line":14,"column":5}},"4":{"start":{"line":7,"column":4},"end":{"line":13,"column":5}},"5":{"start":{"line":8,"column":6},"end":{"line":8,"column":96}},"6":{"start":{"line":9,"column":6},"end":{"line":9,"column":22}},"7":{"start":{"line":11,"column":6},"end":{"line":11,"column":97}},"8":{"start":{"line":12,"column":6},"end":{"line":12,"column":28}},"9":{"start":{"line":19,"column":17},"end":{"line":30,"column":1}},"10":{"start":{"line":20,"column":19},"end":{"line":20,"column":71}},"11":{"start":{"line":21,"column":2},"end":{"line":29,"column":5}},"12":{"start":{"line":22,"column":4},"end":{"line":28,"column":5}},"13":{"start":{"line":23,"column":6},"end":{"line":23,"column":87}},"14":{"start":{"line":24,"column":6},"end":{"line":24,"column":22}},"15":{"start":{"line":26,"column":6},"end":{"line":26,"column":89}},"16":{"start":{"line":27,"column":6},"end":{"line":27,"column":28}},"17":{"start":{"line":33,"column":16},"end":{"line":44,"column":1}},"18":{"start":{"line":34,"column":19},"end":{"line":34,"column":98}},"19":{"start":{"line":35,"column":2},"end":{"line":43,"column":5}},"20":{"start":{"line":36,"column":4},"end":{"line":42,"column":5}},"21":{"start":{"line":37,"column":6},"end":{"line":37,"column":75}},"22":{"start":{"line":38,"column":6},"end":{"line":38,"column":20}},"23":{"start":{"line":40,"column":6},"end":{"line":40,"column":77}},"24":{"start":{"line":41,"column":6},"end":{"line":41,"column":26}},"25":{"start":{"line":47,"column":26},"end":{"line":58,"column":1}},"26":{"start":{"line":48,"column":19},"end":{"line":48,"column":81}},"27":{"start":{"line":49,"column":2},"end":{"line":57,"column":5}},"28":{"start":{"line":50,"column":4},"end":{"line":56,"column":5}},"29":{"start":{"line":51,"column":6},"end":{"line":51,"column":96}},"30":{"start":{"line":52,"column":6},"end":{"line":52,"column":22}},"31":{"start":{"line":54,"column":6},"end":{"line":54,"column":97}},"32":{"start":{"line":55,"column":6},"end":{"line":55,"column":28}},"33":{"start":{"line":62,"column":22},"end":{"line":73,"column":1}},"34":{"start":{"line":63,"column":19},"end":{"line":63,"column":102}},"35":{"start":{"line":64,"column":2},"end":{"line":72,"column":5}},"36":{"start":{"line":65,"column":4},"end":{"line":71,"column":5}},"37":{"start":{"line":66,"column":6},"end":{"line":66,"column":90}},"38":{"start":{"line":67,"column":6},"end":{"line":67,"column":20}},"39":{"start":{"line":69,"column":6},"end":{"line":69,"column":92}},"40":{"start":{"line":70,"column":6},"end":{"line":70,"column":26}},"41":{"start":{"line":77,"column":27},"end":{"line":88,"column":1}},"42":{"start":{"line":78,"column":19},"end":{"line":78,"column":103}},"43":{"start":{"line":79,"column":2},"end":{"line":87,"column":5}},"44":{"start":{"line":80,"column":4},"end":{"line":86,"column":5}},"45":{"start":{"line":81,"column":6},"end":{"line":81,"column":94}},"46":{"start":{"line":82,"column":6},"end":{"line":82,"column":20}},"47":{"start":{"line":84,"column":6},"end":{"line":84,"column":96}},"48":{"start":{"line":85,"column":6},"end":{"line":85,"column":26}},"49":{"start":{"line":92,"column":26},"end":{"line":103,"column":1}},"50":{"start":{"line":93,"column":19},"end":{"line":93,"column":67}},"51":{"start":{"line":94,"column":2},"end":{"line":102,"column":5}},"52":{"start":{"line":95,"column":4},"end":{"line":101,"column":5}},"53":{"start":{"line":96,"column":6},"end":{"line":96,"column":90}},"54":{"start":{"line":97,"column":6},"end":{"line":97,"column":22}},"55":{"start":{"line":99,"column":6},"end":{"line":99,"column":91}},"56":{"start":{"line":100,"column":6},"end":{"line":100,"column":28}},"57":{"start":{"line":107,"column":0},"end":{"line":115,"column":2}}},"fnMap":{"0":{"name":"(anonymous_0)","decl":{"start":{"line":4,"column":25},"end":{"line":4,"column":26}},"loc":{"start":{"line":4,"column":52},"end":{"line":15,"column":1}},"line":4},"1":{"name":"(anonymous_1)","decl":{"start":{"line":6,"column":29},"end":{"line":6,"column":30}},"loc":{"start":{"line":6,"column":43},"end":{"line":14,"column":3}},"line":6},"2":{"name":"(anonymous_2)","decl":{"start":{"line":19,"column":17},"end":{"line":19,"column":18}},"loc":{"start":{"line":19,"column":41},"end":{"line":30,"column":1}},"line":19},"3":{"name":"(anonymous_3)","decl":{"start":{"line":21,"column":29},"end":{"line":21,"column":30}},"loc":{"start":{"line":21,"column":43},"end":{"line":29,"column":3}},"line":21},"4":{"name":"(anonymous_4)","decl":{"start":{"line":33,"column":16},"end":{"line":33,"column":17}},"loc":{"start":{"line":33,"column":48},"end":{"line":44,"column":1}},"line":33},"5":{"name":"(anonymous_5)","decl":{"start":{"line":35,"column":29},"end":{"line":35,"column":30}},"loc":{"start":{"line":35,"column":43},"end":{"line":43,"column":3}},"line":35},"6":{"name":"(anonymous_6)","decl":{"start":{"line":47,"column":26},"end":{"line":47,"column":27}},"loc":{"start":{"line":47,"column":53},"end":{"line":58,"column":1}},"line":47},"7":{"name":"(anonymous_7)","decl":{"start":{"line":49,"column":29},"end":{"line":49,"column":30}},"loc":{"start":{"line":49,"column":43},"end":{"line":57,"column":3}},"line":49},"8":{"name":"(anonymous_8)","decl":{"start":{"line":62,"column":22},"end":{"line":62,"column":23}},"loc":{"start":{"line":62,"column":55},"end":{"line":73,"column":1}},"line":62},"9":{"name":"(anonymous_9)","decl":{"start":{"line":64,"column":29},"end":{"line":64,"column":30}},"loc":{"start":{"line":64,"column":43},"end":{"line":72,"column":3}},"line":64},"10":{"name":"(anonymous_10)","decl":{"start":{"line":77,"column":27},"end":{"line":77,"column":28}},"loc":{"start":{"line":77,"column":60},"end":{"line":88,"column":1}},"line":77},"11":{"name":"(anonymous_11)","decl":{"start":{"line":79,"column":29},"end":{"line":79,"column":30}},"loc":{"start":{"line":79,"column":43},"end":{"line":87,"column":3}},"line":79},"12":{"name":"(anonymous_12)","decl":{"start":{"line":92,"column":26},"end":{"line":92,"column":27}},"loc":{"start":{"line":92,"column":53},"end":{"line":103,"column":1}},"line":92},"13":{"name":"(anonymous_13)","decl":{"start":{"line":94,"column":29},"end":{"line":94,"column":30}},"loc":{"start":{"line":94,"column":43},"end":{"line":102,"column":3}},"line":94}},"branchMap":{"0":{"loc":{"start":{"line":7,"column":4},"end":{"line":13,"column":5}},"type":"if","locations":[{"start":{"line":7,"column":4},"end":{"line":13,"column":5}},{"start":{"line":7,"column":4},"end":{"line":13,"column":5}}],"line":7},"1":{"loc":{"start":{"line":22,"column":4},"end":{"line":28,"column":5}},"type":"if","locations":[{"start":{"line":22,"column":4},"end":{"line":28,"column":5}},{"start":{"line":22,"column":4},"end":{"line":28,"column":5}}],"line":22},"2":{"loc":{"start":{"line":36,"column":4},"end":{"line":42,"column":5}},"type":"if","locations":[{"start":{"line":36,"column":4},"end":{"line":42,"column":5}},{"start":{"line":36,"column":4},"end":{"line":42,"column":5}}],"line":36},"3":{"loc":{"start":{"line":50,"column":4},"end":{"line":56,"column":5}},"type":"if","locations":[{"start":{"line":50,"column":4},"end":{"line":56,"column":5}},{"start":{"line":50,"column":4},"end":{"line":56,"column":5}}],"line":50},"4":{"loc":{"start":{"line":65,"column":4},"end":{"line":71,"column":5}},"type":"if","locations":[{"start":{"line":65,"column":4},"end":{"line":71,"column":5}},{"start":{"line":65,"column":4},"end":{"line":71,"column":5}}],"line":65},"5":{"loc":{"start":{"line":80,"column":4},"end":{"line":86,"column":5}},"type":"if","locations":[{"start":{"line":80,"column":4},"end":{"line":86,"column":5}},{"start":{"line":80,"column":4},"end":{"line":86,"column":5}}],"line":80},"6":{"loc":{"start":{"line":95,"column":4},"end":{"line":101,"column":5}},"type":"if","locations":[{"start":{"line":95,"column":4},"end":{"line":101,"column":5}},{"start":{"line":95,"column":4},"end":{"line":101,"column":5}}],"line":95}},"s":{"0":2,"1":2,"2":3,"3":3,"4":3,"5":0,"6":0,"7":3,"8":3,"9":2,"10":2,"11":2,"12":2,"13":0,"14":0,"15":2,"16":2,"17":2,"18":2,"19":2,"20":2,"21":0,"22":0,"23":2,"24":2,"25":2,"26":2,"27":2,"28":2,"29":0,"30":0,"31":2,"32":2,"33":2,"34":2,"35":2,"36":2,"37":0,"38":0,"39":2,"40":2,"41":2,"42":2,"43":2,"44":2,"45":0,"46":0,"47":2,"48":2,"49":2,"50":2,"51":2,"52":2,"53":0,"54":0,"55":2,"56":2,"57":2},"f":{"0":3,"1":3,"2":2,"3":2,"4":2,"5":2,"6":2,"7":2,"8":2,"9":2,"10":2,"11":2,"12":2,"13":2},"b":{"0":[0,3],"1":[0,2],"2":[0,2],"3":[0,2],"4":[0,2],"5":[0,2],"6":[0,2]},"_coverageSchema":"332fd63041d2c1bcb487cc26dd0d5f7d97098a6c","hash":"cb21973f7482f8714bc2d041c21e960920384df4"}
,"/Users/jvertil/Desktop/hero-photo-service/hero-photo-service/database/index.js": {"path":"/Users/jvertil/Desktop/hero-photo-service/hero-photo-service/database/index.js","statementMap":{"0":{"start":{"line":1,"column":14},"end":{"line":1,"column":30}},"1":{"start":{"line":3,"column":19},"end":{"line":9,"column":2}},"2":{"start":{"line":11,"column":0},"end":{"line":17,"column":3}},"3":{"start":{"line":12,"column":2},"end":{"line":16,"column":3}},"4":{"start":{"line":13,"column":4},"end":{"line":13,"column":51}},"5":{"start":{"line":15,"column":4},"end":{"line":15,"column":50}},"6":{"start":{"line":20,"column":0},"end":{"line":20,"column":28}}},"fnMap":{"0":{"name":"(anonymous_0)","decl":{"start":{"line":11,"column":19},"end":{"line":11,"column":20}},"loc":{"start":{"line":11,"column":28},"end":{"line":17,"column":1}},"line":11}},"branchMap":{"0":{"loc":{"start":{"line":12,"column":2},"end":{"line":16,"column":3}},"type":"if","locations":[{"start":{"line":12,"column":2},"end":{"line":16,"column":3}},{"start":{"line":12,"column":2},"end":{"line":16,"column":3}}],"line":12}},"s":{"0":2,"1":2,"2":2,"3":2,"4":0,"5":2,"6":2},"f":{"0":2},"b":{"0":[0,2]},"_coverageSchema":"332fd63041d2c1bcb487cc26dd0d5f7d97098a6c","hash":"9ff76d36575c3c1b2a40db1d0cc7e2656cc1971e"}
,"/Users/jvertil/Desktop/hero-photo-service/hero-photo-service/server/app.js": {"path":"/Users/jvertil/Desktop/hero-photo-service/hero-photo-service/server/app.js","statementMap":{"0":{"start":{"line":1,"column":16},"end":{"line":1,"column":34}},"1":{"start":{"line":2,"column":13},"end":{"line":2,"column":28}},"2":{"start":{"line":3,"column":19},"end":{"line":3,"column":41}},"3":{"start":{"line":4,"column":16},"end":{"line":4,"column":49}},"4":{"start":{"line":6,"column":12},"end":{"line":6,"column":21}},"5":{"start":{"line":10,"column":0},"end":{"line":13,"column":3}},"6":{"start":{"line":11,"column":2},"end":{"line":11,"column":46}},"7":{"start":{"line":12,"column":2},"end":{"line":12,"column":9}},"8":{"start":{"line":16,"column":0},"end":{"line":16,"column":64}},"9":{"start":{"line":18,"column":0},"end":{"line":18,"column":27}},"10":{"start":{"line":20,"column":0},"end":{"line":32,"column":3}},"11":{"start":{"line":21,"column":20},"end":{"line":21,"column":41}},"12":{"start":{"line":23,"column":2},"end":{"line":30,"column":5}},"13":{"start":{"line":24,"column":4},"end":{"line":29,"column":5}},"14":{"start":{"line":25,"column":6},"end":{"line":25,"column":94}},"15":{"start":{"line":27,"column":6},"end":{"line":27,"column":96}},"16":{"start":{"line":28,"column":6},"end":{"line":28,"column":24}},"17":{"start":{"line":34,"column":0},"end":{"line":45,"column":3}},"18":{"start":{"line":35,"column":17},"end":{"line":35,"column":35}},"19":{"start":{"line":37,"column":2},"end":{"line":44,"column":5}},"20":{"start":{"line":38,"column":4},"end":{"line":43,"column":5}},"21":{"start":{"line":39,"column":6},"end":{"line":39,"column":87}},"22":{"start":{"line":41,"column":6},"end":{"line":41,"column":89}},"23":{"start":{"line":42,"column":6},"end":{"line":42,"column":24}},"24":{"start":{"line":47,"column":0},"end":{"line":59,"column":3}},"25":{"start":{"line":48,"column":17},"end":{"line":48,"column":35}},"26":{"start":{"line":49,"column":19},"end":{"line":49,"column":37}},"27":{"start":{"line":51,"column":2},"end":{"line":58,"column":5}},"28":{"start":{"line":52,"column":4},"end":{"line":57,"column":5}},"29":{"start":{"line":53,"column":6},"end":{"line":53,"column":85}},"30":{"start":{"line":55,"column":6},"end":{"line":55,"column":87}},"31":{"start":{"line":56,"column":6},"end":{"line":56,"column":26}},"32":{"start":{"line":61,"column":0},"end":{"line":72,"column":3}},"33":{"start":{"line":62,"column":20},"end":{"line":62,"column":41}},"34":{"start":{"line":64,"column":2},"end":{"line":71,"column":5}},"35":{"start":{"line":65,"column":4},"end":{"line":70,"column":5}},"36":{"start":{"line":66,"column":6},"end":{"line":66,"column":66}},"37":{"start":{"line":68,"column":6},"end":{"line":68,"column":69}},"38":{"start":{"line":69,"column":6},"end":{"line":69,"column":24}},"39":{"start":{"line":74,"column":0},"end":{"line":89,"column":3}},"40":{"start":{"line":75,"column":20},"end":{"line":75,"column":41}},"41":{"start":{"line":76,"column":17},"end":{"line":76,"column":35}},"42":{"start":{"line":78,"column":2},"end":{"line":78,"column":42}},"43":{"start":{"line":79,"column":2},"end":{"line":79,"column":36}},"44":{"start":{"line":81,"column":2},"end":{"line":88,"column":5}},"45":{"start":{"line":82,"column":4},"end":{"line":87,"column":5}},"46":{"start":{"line":83,"column":6},"end":{"line":83,"column":89}},"47":{"start":{"line":85,"column":6},"end":{"line":85,"column":95}},"48":{"start":{"line":86,"column":6},"end":{"line":86,"column":26}},"49":{"start":{"line":91,"column":0},"end":{"line":106,"column":3}},"50":{"start":{"line":92,"column":20},"end":{"line":92,"column":41}},"51":{"start":{"line":93,"column":17},"end":{"line":93,"column":35}},"52":{"start":{"line":95,"column":2},"end":{"line":95,"column":42}},"53":{"start":{"line":96,"column":2},"end":{"line":96,"column":36}},"54":{"start":{"line":98,"column":2},"end":{"line":105,"column":5}},"55":{"start":{"line":99,"column":4},"end":{"line":104,"column":5}},"56":{"start":{"line":100,"column":6},"end":{"line":100,"column":94}},"57":{"start":{"line":102,"column":6},"end":{"line":102,"column":100}},"58":{"start":{"line":103,"column":6},"end":{"line":103,"column":26}},"59":{"start":{"line":108,"column":0},"end":{"line":119,"column":3}},"60":{"start":{"line":109,"column":20},"end":{"line":109,"column":41}},"61":{"start":{"line":111,"column":2},"end":{"line":118,"column":5}},"62":{"start":{"line":112,"column":4},"end":{"line":117,"column":5}},"63":{"start":{"line":113,"column":6},"end":{"line":113,"column":60}},"64":{"start":{"line":115,"column":6},"end":{"line":115,"column":63}},"65":{"start":{"line":116,"column":6},"end":{"line":116,"column":24}},"66":{"start":{"line":121,"column":0},"end":{"line":121,"column":21}}},"fnMap":{"0":{"name":"(anonymous_0)","decl":{"start":{"line":10,"column":8},"end":{"line":10,"column":9}},"loc":{"start":{"line":10,"column":28},"end":{"line":13,"column":1}},"line":10},"1":{"name":"(anonymous_1)","decl":{"start":{"line":20,"column":40},"end":{"line":20,"column":41}},"loc":{"start":{"line":20,"column":54},"end":{"line":32,"column":1}},"line":20},"2":{"name":"(anonymous_2)","decl":{"start":{"line":23,"column":38},"end":{"line":23,"column":39}},"loc":{"start":{"line":23,"column":56},"end":{"line":30,"column":3}},"line":23},"3":{"name":"(anonymous_3)","decl":{"start":{"line":34,"column":32},"end":{"line":34,"column":33}},"loc":{"start":{"line":34,"column":46},"end":{"line":45,"column":1}},"line":34},"4":{"name":"(anonymous_4)","decl":{"start":{"line":37,"column":27},"end":{"line":37,"column":28}},"loc":{"start":{"line":37,"column":45},"end":{"line":44,"column":3}},"line":37},"5":{"name":"(anonymous_5)","decl":{"start":{"line":47,"column":36},"end":{"line":47,"column":37}},"loc":{"start":{"line":47,"column":50},"end":{"line":59,"column":1}},"line":47},"6":{"name":"(anonymous_6)","decl":{"start":{"line":51,"column":36},"end":{"line":51,"column":37}},"loc":{"start":{"line":51,"column":54},"end":{"line":58,"column":3}},"line":51},"7":{"name":"(anonymous_7)","decl":{"start":{"line":61,"column":39},"end":{"line":61,"column":40}},"loc":{"start":{"line":61,"column":53},"end":{"line":72,"column":1}},"line":61},"8":{"name":"(anonymous_8)","decl":{"start":{"line":64,"column":39},"end":{"line":64,"column":40}},"loc":{"start":{"line":64,"column":57},"end":{"line":71,"column":3}},"line":64},"9":{"name":"(anonymous_9)","decl":{"start":{"line":74,"column":49},"end":{"line":74,"column":50}},"loc":{"start":{"line":74,"column":63},"end":{"line":89,"column":1}},"line":74},"10":{"name":"(anonymous_10)","decl":{"start":{"line":81,"column":43},"end":{"line":81,"column":44}},"loc":{"start":{"line":81,"column":61},"end":{"line":88,"column":3}},"line":81},"11":{"name":"(anonymous_11)","decl":{"start":{"line":91,"column":51},"end":{"line":91,"column":52}},"loc":{"start":{"line":91,"column":65},"end":{"line":106,"column":1}},"line":91},"12":{"name":"(anonymous_12)","decl":{"start":{"line":98,"column":48},"end":{"line":98,"column":49}},"loc":{"start":{"line":98,"column":66},"end":{"line":105,"column":3}},"line":98},"13":{"name":"(anonymous_13)","decl":{"start":{"line":108,"column":41},"end":{"line":108,"column":42}},"loc":{"start":{"line":108,"column":55},"end":{"line":119,"column":1}},"line":108},"14":{"name":"(anonymous_14)","decl":{"start":{"line":111,"column":39},"end":{"line":111,"column":40}},"loc":{"start":{"line":111,"column":57},"end":{"line":118,"column":3}},"line":111}},"branchMap":{"0":{"loc":{"start":{"line":24,"column":4},"end":{"line":29,"column":5}},"type":"if","locations":[{"start":{"line":24,"column":4},"end":{"line":29,"column":5}},{"start":{"line":24,"column":4},"end":{"line":29,"column":5}}],"line":24},"1":{"loc":{"start":{"line":38,"column":4},"end":{"line":43,"column":5}},"type":"if","locations":[{"start":{"line":38,"column":4},"end":{"line":43,"column":5}},{"start":{"line":38,"column":4},"end":{"line":43,"column":5}}],"line":38},"2":{"loc":{"start":{"line":52,"column":4},"end":{"line":57,"column":5}},"type":"if","locations":[{"start":{"line":52,"column":4},"end":{"line":57,"column":5}},{"start":{"line":52,"column":4},"end":{"line":57,"column":5}}],"line":52},"3":{"loc":{"start":{"line":65,"column":4},"end":{"line":70,"column":5}},"type":"if","locations":[{"start":{"line":65,"column":4},"end":{"line":70,"column":5}},{"start":{"line":65,"column":4},"end":{"line":70,"column":5}}],"line":65},"4":{"loc":{"start":{"line":82,"column":4},"end":{"line":87,"column":5}},"type":"if","locations":[{"start":{"line":82,"column":4},"end":{"line":87,"column":5}},{"start":{"line":82,"column":4},"end":{"line":87,"column":5}}],"line":82},"5":{"loc":{"start":{"line":99,"column":4},"end":{"line":104,"column":5}},"type":"if","locations":[{"start":{"line":99,"column":4},"end":{"line":104,"column":5}},{"start":{"line":99,"column":4},"end":{"line":104,"column":5}}],"line":99},"6":{"loc":{"start":{"line":112,"column":4},"end":{"line":117,"column":5}},"type":"if","locations":[{"start":{"line":112,"column":4},"end":{"line":117,"column":5}},{"start":{"line":112,"column":4},"end":{"line":117,"column":5}}],"line":112}},"s":{"0":1,"1":1,"2":1,"3":1,"4":1,"5":1,"6":8,"7":8,"8":1,"9":1,"10":1,"11":1,"12":1,"13":1,"14":0,"15":1,"16":1,"17":1,"18":1,"19":1,"20":1,"21":0,"22":1,"23":1,"24":1,"25":1,"26":1,"27":1,"28":1,"29":0,"30":1,"31":1,"32":1,"33":1,"34":1,"35":1,"36":0,"37":1,"38":1,"39":1,"40":1,"41":1,"42":1,"43":1,"44":1,"45":1,"46":0,"47":1,"48":1,"49":1,"50":1,"51":1,"52":1,"53":1,"54":1,"55":1,"56":0,"57":1,"58":1,"59":1,"60":1,"61":1,"62":1,"63":0,"64":1,"65":1,"66":1},"f":{"0":8,"1":1,"2":1,"3":1,"4":1,"5":1,"6":1,"7":1,"8":1,"9":1,"10":1,"11":1,"12":1,"13":1,"14":1},"b":{"0":[0,1],"1":[0,1],"2":[0,1],"3":[0,1],"4":[0,1],"5":[0,1],"6":[0,1]},"_coverageSchema":"332fd63041d2c1bcb487cc26dd0d5f7d97098a6c","hash":"ef3217d0d72afaf100fb6ad0c8c72395ad513de3"}
,"/Users/jvertil/Desktop/hero-photo-service/hero-photo-service/tests/setup.js": {"path":"/Users/jvertil/Desktop/hero-photo-service/hero-photo-service/tests/setup.js","statementMap":{"0":{"start":{"line":4,"column":0},"end":{"line":4,"column":44}}},"fnMap":{},"branchMap":{},"s":{"0":5},"f":{},"b":{},"_coverageSchema":"332fd63041d2c1bcb487cc26dd0d5f7d97098a6c","hash":"1a51885d2d4712173c0a45ee6b109fe8ed8c64d4"}
}
