TN:
SF:/Users/jvertil/Desktop/hero-photo-service/hero-photo-service/database/Queries.js
FN:4,(anonymous_0)
FN:6,(anonymous_1)
FN:19,(anonymous_2)
FN:21,(anonymous_3)
FN:33,(anonymous_4)
FN:35,(anonymous_5)
FN:47,(anonymous_6)
FN:49,(anonymous_7)
FN:62,(anonymous_8)
FN:64,(anonymous_9)
FN:77,(anonymous_10)
FN:79,(anonymous_11)
FN:92,(anonymous_12)
FN:94,(anonymous_13)
FNF:14
FNH:14
FNDA:3,(anonymous_0)
FNDA:3,(anonymous_1)
FNDA:1,(anonymous_2)
FNDA:1,(anonymous_3)
FNDA:1,(anonymous_4)
FNDA:1,(anonymous_5)
FNDA:1,(anonymous_6)
FNDA:1,(anonymous_7)
FNDA:1,(anonymous_8)
FNDA:1,(anonymous_9)
FNDA:1,(anonymous_10)
FNDA:1,(anonymous_11)
FNDA:1,(anonymous_12)
FNDA:1,(anonymous_13)
DA:2,2
DA:4,2
DA:5,3
DA:6,3
DA:7,3
DA:8,0
DA:9,0
DA:11,3
DA:12,3
DA:19,2
DA:20,1
DA:21,1
DA:22,1
DA:23,0
DA:24,0
DA:26,1
DA:27,1
DA:33,2
DA:34,1
DA:35,1
DA:36,1
DA:37,0
DA:38,0
DA:40,1
DA:41,1
DA:47,2
DA:48,1
DA:49,1
DA:50,1
DA:51,0
DA:52,0
DA:54,1
DA:55,1
DA:62,2
DA:63,1
DA:64,1
DA:65,1
DA:66,0
DA:67,0
DA:69,1
DA:70,1
DA:77,2
DA:78,1
DA:79,1
DA:80,1
DA:81,0
DA:82,0
DA:84,1
DA:85,1
DA:92,2
DA:93,1
DA:94,1
DA:95,1
DA:96,0
DA:97,0
DA:99,1
DA:100,1
DA:107,2
LF:58
LH:44
BRDA:7,0,0,0
BRDA:7,0,1,3
BRDA:22,1,0,0
BRDA:22,1,1,1
BRDA:36,2,0,0
BRDA:36,2,1,1
BRDA:50,3,0,0
BRDA:50,3,1,1
BRDA:65,4,0,0
BRDA:65,4,1,1
BRDA:80,5,0,0
BRDA:80,5,1,1
BRDA:95,6,0,0
BRDA:95,6,1,1
BRF:14
BRH:7
end_of_record
TN:
SF:/Users/jvertil/Desktop/hero-photo-service/hero-photo-service/database/index.js
FN:11,(anonymous_0)
FNF:1
FNH:1
FNDA:2,(anonymous_0)
DA:1,2
DA:3,2
DA:11,2
DA:12,2
DA:13,0
DA:15,2
DA:20,2
LF:7
LH:6
BRDA:12,0,0,0
BRDA:12,0,1,2
BRF:2
BRH:1
end_of_record
TN:
SF:/Users/jvertil/Desktop/hero-photo-service/hero-photo-service/server/app.js
FN:10,(anonymous_0)
FN:20,(anonymous_1)
FN:23,(anonymous_2)
FN:34,(anonymous_3)
FN:37,(anonymous_4)
FN:47,(anonymous_5)
FN:51,(anonymous_6)
FN:61,(anonymous_7)
FN:64,(anonymous_8)
FN:74,(anonymous_9)
FN:81,(anonymous_10)
FN:91,(anonymous_11)
FN:98,(anonymous_12)
FN:108,(anonymous_13)
FN:111,(anonymous_14)
FNF:15
FNH:15
FNDA:8,(anonymous_0)
FNDA:1,(anonymous_1)
FNDA:1,(anonymous_2)
FNDA:1,(anonymous_3)
FNDA:1,(anonymous_4)
FNDA:1,(anonymous_5)
FNDA:1,(anonymous_6)
FNDA:1,(anonymous_7)
FNDA:1,(anonymous_8)
FNDA:1,(anonymous_9)
FNDA:1,(anonymous_10)
FNDA:1,(anonymous_11)
FNDA:1,(anonymous_12)
FNDA:1,(anonymous_13)
FNDA:1,(anonymous_14)
DA:1,1
DA:2,1
DA:3,1
DA:4,1
DA:6,1
DA:10,1
DA:11,8
DA:12,8
DA:16,1
DA:18,1
DA:20,1
DA:21,1
DA:23,1
DA:24,1
DA:25,0
DA:27,1
DA:28,1
DA:34,1
DA:35,1
DA:37,1
DA:38,1
DA:39,0
DA:41,1
DA:42,1
DA:47,1
DA:48,1
DA:49,1
DA:51,1
DA:52,1
DA:53,0
DA:55,1
DA:56,1
DA:61,1
DA:62,1
DA:64,1
DA:65,1
DA:66,0
DA:68,1
DA:69,1
DA:74,1
DA:75,1
DA:76,1
DA:78,1
DA:79,1
DA:81,1
DA:82,1
DA:83,0
DA:85,1
DA:86,1
DA:91,1
DA:92,1
DA:93,1
DA:95,1
DA:96,1
DA:98,1
DA:99,1
DA:100,0
DA:102,1
DA:103,1
DA:108,1
DA:109,1
DA:111,1
DA:112,1
DA:113,0
DA:115,1
DA:116,1
DA:121,1
LF:67
LH:60
BRDA:24,0,0,0
BRDA:24,0,1,1
BRDA:38,1,0,0
BRDA:38,1,1,1
BRDA:52,2,0,0
BRDA:52,2,1,1
BRDA:65,3,0,0
BRDA:65,3,1,1
BRDA:82,4,0,0
BRDA:82,4,1,1
BRDA:99,5,0,0
BRDA:99,5,1,1
BRDA:112,6,0,0
BRDA:112,6,1,1
BRF:14
BRH:7
end_of_record
